<?xml version="1.0" encoding="UTF-8"?>
<!-- Generated by org.testng.reporters.JUnitXMLReporter -->
<testsuite hostname="Room3-1User" ignored="1" tests="3" failures="0" timestamp="14 мар 2017 18:31:45 GMT" time="0.038" errors="0">
  <testcase name="firstTest" time="0.0" classname="Test1"/>
  <testcase name="firstTest2" time="0.0" classname="Test1"/>
  <testcase name="firstTest3" time="0.0" classname="Test1"/>
  <testcase name="firstTest" time="0.0" classname="test2">
    <ignored/>
  </testcase> <!-- firstTest -->
</testsuite>
