<?xml version="1.0" encoding="UTF-8"?>
<testng-results skipped="0" failed="0" ignored="0" total="1" passed="1">
  <reporter-output>
  </reporter-output>
  <suite name="Suite1" duration-ms="47" started-at="2017-03-14T18:16:40Z" finished-at="2017-03-14T18:16:40Z">
    <groups>
    </groups>
    <test name="Test1" duration-ms="47" started-at="2017-03-14T18:16:40Z" finished-at="2017-03-14T18:16:40Z">
      <class name="Test1">
        <test-method status="PASS" signature="SetUpClass()[pri:0, instance:Test1@5ba23b66]" name="SetUpClass" is-config="true" duration-ms="16" started-at="2017-03-14T20:16:40Z" finished-at="2017-03-14T20:16:40Z">
          <reporter-output>
          </reporter-output>
        </test-method> <!-- SetUpClass -->
        <test-method status="PASS" signature="tearDOwnClass()[pri:0, instance:Test1@5ba23b66]" name="tearDOwnClass" is-config="true" duration-ms="0" started-at="2017-03-14T20:16:40Z" finished-at="2017-03-14T20:16:40Z">
          <reporter-output>
          </reporter-output>
        </test-method> <!-- tearDOwnClass -->
        <test-method status="PASS" signature="SetUpMethod()[pri:0, instance:Test1@5ba23b66]" name="SetUpMethod" is-config="true" duration-ms="0" started-at="2017-03-14T20:16:40Z" finished-at="2017-03-14T20:16:40Z">
          <reporter-output>
          </reporter-output>
        </test-method> <!-- SetUpMethod -->
        <test-method status="PASS" signature="tearDOwnMethod()[pri:0, instance:Test1@5ba23b66]" name="tearDOwnMethod" is-config="true" duration-ms="0" started-at="2017-03-14T20:16:40Z" finished-at="2017-03-14T20:16:40Z">
          <reporter-output>
          </reporter-output>
        </test-method> <!-- tearDOwnMethod -->
        <test-method status="PASS" signature="firstTest()[pri:0, instance:Test1@5ba23b66]" name="firstTest" duration-ms="0" started-at="2017-03-14T20:16:40Z" finished-at="2017-03-14T20:16:40Z">
          <reporter-output>
          </reporter-output>
        </test-method> <!-- firstTest -->
      </class> <!-- Test1 -->
    </test> <!-- Test1 -->
  </suite> <!-- Suite1 -->
</testng-results>
