<?xml version="1.0" encoding="UTF-8"?>
<testng-results skipped="0" failed="0" ignored="1" total="4" passed="3">
  <reporter-output>
  </reporter-output>
  <suite name="Custom suite" duration-ms="38" started-at="2017-03-14T18:31:45Z" finished-at="2017-03-14T18:31:45Z">
    <groups>
      <group name="checkingtest">
        <method signature="Test1.firstTest()[pri:0, instance:Test1@483bf400]" name="firstTest" class="Test1"/>
        <method signature="Test1.firstTest2()[pri:0, instance:Test1@483bf400]" name="firstTest2" class="Test1"/>
        <method signature="Test1.firstTest3()[pri:0, instance:Test1@483bf400]" name="firstTest3" class="Test1"/>
      </group> <!-- checkingtest -->
      <group name="smoke">
        <method signature="Test1.firstTest()[pri:0, instance:Test1@483bf400]" name="firstTest" class="Test1"/>
        <method signature="Test1.firstTest2()[pri:0, instance:Test1@483bf400]" name="firstTest2" class="Test1"/>
        <method signature="Test1.firstTest3()[pri:0, instance:Test1@483bf400]" name="firstTest3" class="Test1"/>
      </group> <!-- smoke -->
    </groups>
    <test name="mvnAuto" duration-ms="38" started-at="2017-03-14T18:31:45Z" finished-at="2017-03-14T18:31:45Z">
      <class name="Test1">
        <test-method status="PASS" signature="firstTest2()[pri:0, instance:Test1@483bf400]" name="firstTest2" duration-ms="0" started-at="2017-03-14T20:31:45Z" finished-at="2017-03-14T20:31:45Z">
          <reporter-output>
          </reporter-output>
        </test-method> <!-- firstTest2 -->
        <test-method status="PASS" signature="firstTest3()[pri:0, instance:Test1@483bf400]" name="firstTest3" duration-ms="0" started-at="2017-03-14T20:31:45Z" finished-at="2017-03-14T20:31:45Z">
          <reporter-output>
          </reporter-output>
        </test-method> <!-- firstTest3 -->
        <test-method status="PASS" signature="firstTest()[pri:0, instance:Test1@483bf400]" name="firstTest" duration-ms="0" started-at="2017-03-14T20:31:45Z" finished-at="2017-03-14T20:31:45Z">
          <reporter-output>
          </reporter-output>
        </test-method> <!-- firstTest -->
      </class> <!-- Test1 -->
    </test> <!-- mvnAuto -->
  </suite> <!-- Custom suite -->
</testng-results>
